<?xml version="1.0" encoding="UTF-8"?>
<!-- Generated by org.testng.reporters.JUnitReportReporter -->
<testsuite hostname="GOWRISANKAR" failures="2" tests="4" name="runner.runner" time="24.759" errors="1" timestamp="2025-04-02T20:06:24 IST" skipped="0">
  <testcase classname="runner.runner" name="runScenario" time="5.628">
    <failure message="Error message is incorrect expected:&lt;[]Username is required&gt; but was:&lt;[Epic sadface: ]Username is required&gt;" type="org.junit.ComparisonFailure">
      <![CDATA[org.junit.ComparisonFailure: Error message is incorrect expected:<[]Username is required> but was:<[Epic sadface: ]Username is required>
at org.junit.Assert.assertEquals(Assert.java:117)
at cucumber_pro2.loginpage.user_will_see_an_error_message(loginpage.java:54)
at ✽.user will see an "Username is required"(file:///C:/Users/GOWRISANKAR/eclipse-cucumber/cucumber_pro2/src/test/resources/com/feature/loginpage.feature:20)
]]>
    </failure>
  </testcase> <!-- runScenario -->
  <testcase classname="runner.runner" name="runScenario" time="10.726"/>
  <testcase classname="runner.runner" name="runScenario" time="2.988">
    <error message="no such element: Unable to locate element: {&quot;method&quot;:&quot;css selector&quot;,&quot;selector&quot;:&quot;#user\-name&quot;}
  (Session info: chrome=135.0.7049.41)
For documentation on this error, please visit: https://www.selenium.dev/documentation/webdriver/troubleshooting/errors#no-such-element-exception
Build info: version: &#039;4.29.0&#039;, revision: &#039;5fc1ec94cb&#039;
System info: os.name: &#039;Windows 11&#039;, os.arch: &#039;amd64&#039;, os.version: &#039;10.0&#039;, java.version: &#039;21.0.6&#039;
Driver info: org.openqa.selenium.chrome.ChromeDriver
Command: [80a60c190b3715875b1ae2116d8ea7f9, findElement {using=id, value=user-name}]
Capabilities {acceptInsecureCerts: false, browserName: chrome, browserVersion: 135.0.7049.41, chrome: {chromedriverVersion: 135.0.7049.42 (0f351bbd2617..., userDataDir: C:\Users\GOWRIS~1\AppData\L...}, fedcm:accounts: true, goog:chromeOptions: {debuggerAddress: localhost:53862}, networkConnectionEnabled: false, pageLoadStrategy: normal, platformName: windows, proxy: Proxy(), se:cdp: ws://localhost:53862/devtoo..., se:cdpVersion: 135.0.7049.41, setWindowRect: true, strictFileInteractability: false, timeouts: {implicit: 0, pageLoad: 300000, script: 30000}, unhandledPromptBehavior: dismiss and notify, webauthn:extension:credBlob: true, webauthn:extension:largeBlob: true, webauthn:extension:minPinLength: true, webauthn:extension:prf: true, webauthn:virtualAuthenticators: true}
Session ID: 80a60c190b3715875b1ae2116d8ea7f9" type="org.openqa.selenium.NoSuchElementException">
      <![CDATA[org.openqa.selenium.NoSuchElementException: no such element: Unable to locate element: {"method":"css selector","selector":"#user\-name"}
  (Session info: chrome=135.0.7049.41)
For documentation on this error, please visit: https://www.selenium.dev/documentation/webdriver/troubleshooting/errors#no-such-element-exception
Build info: version: '4.29.0', revision: '5fc1ec94cb'
System info: os.name: 'Windows 11', os.arch: 'amd64', os.version: '10.0', java.version: '21.0.6'
Driver info: org.openqa.selenium.chrome.ChromeDriver
Command: [80a60c190b3715875b1ae2116d8ea7f9, findElement {using=id, value=user-name}]
Capabilities {acceptInsecureCerts: false, browserName: chrome, browserVersion: 135.0.7049.41, chrome: {chromedriverVersion: 135.0.7049.42 (0f351bbd2617..., userDataDir: C:\Users\GOWRIS~1\AppData\L...}, fedcm:accounts: true, goog:chromeOptions: {debuggerAddress: localhost:53862}, networkConnectionEnabled: false, pageLoadStrategy: normal, platformName: windows, proxy: Proxy(), se:cdp: ws://localhost:53862/devtoo..., se:cdpVersion: 135.0.7049.41, setWindowRect: true, strictFileInteractability: false, timeouts: {implicit: 0, pageLoad: 300000, script: 30000}, unhandledPromptBehavior: dismiss and notify, webauthn:extension:credBlob: true, webauthn:extension:largeBlob: true, webauthn:extension:minPinLength: true, webauthn:extension:prf: true, webauthn:virtualAuthenticators: true}
Session ID: 80a60c190b3715875b1ae2116d8ea7f9
at java.base/jdk.internal.reflect.DirectConstructorHandleAccessor.newInstance(DirectConstructorHandleAccessor.java:62)
at java.base/java.lang.reflect.Constructor.newInstanceWithCaller(Constructor.java:502)
at java.base/java.lang.reflect.Constructor.newInstance(Constructor.java:486)
at org.openqa.selenium.remote.ErrorCodec.decode(ErrorCodec.java:167)
at org.openqa.selenium.remote.codec.w3c.W3CHttpResponseCodec.decode(W3CHttpResponseCodec.java:138)
at org.openqa.selenium.remote.codec.w3c.W3CHttpResponseCodec.decode(W3CHttpResponseCodec.java:50)
at org.openqa.selenium.remote.HttpCommandExecutor.execute(HttpCommandExecutor.java:215)
at org.openqa.selenium.remote.service.DriverCommandExecutor.invokeExecute(DriverCommandExecutor.java:216)
at org.openqa.selenium.remote.service.DriverCommandExecutor.execute(DriverCommandExecutor.java:174)
at org.openqa.selenium.remote.RemoteWebDriver.execute(RemoteWebDriver.java:545)
at org.openqa.selenium.remote.ElementLocation$ElementFinder$2.findElement(ElementLocation.java:165)
at org.openqa.selenium.remote.ElementLocation.findElement(ElementLocation.java:66)
at org.openqa.selenium.remote.RemoteWebDriver.findElement(RemoteWebDriver.java:368)
at org.openqa.selenium.remote.RemoteWebDriver.findElement(RemoteWebDriver.java:362)
at cucumber_pro2.loginpage.user_provides_username_and_password(loginpage.java:35)
at ✽.user provides username as "demoUser" and password as "DemoPass"(file:///C:/Users/GOWRISANKAR/eclipse-cucumber/cucumber_pro2/src/test/resources/com/feature/loginpage.feature:18)
]]>
    </error>
  </testcase> <!-- runScenario -->
  <testcase classname="runner.runner" name="runScenario" time="5.417">
    <failure message="Error message is incorrect expected:&lt;[]Password is required&gt; but was:&lt;[Epic sadface: ]Password is required&gt;" type="org.junit.ComparisonFailure">
      <![CDATA[org.junit.ComparisonFailure: Error message is incorrect expected:<[]Password is required> but was:<[Epic sadface: ]Password is required>
at org.junit.Assert.assertEquals(Assert.java:117)
at cucumber_pro2.loginpage.user_will_see_an_error_message(loginpage.java:54)
at ✽.user will see an "Password is required"(file:///C:/Users/GOWRISANKAR/eclipse-cucumber/cucumber_pro2/src/test/resources/com/feature/loginpage.feature:20)
]]>
    </failure>
  </testcase> <!-- runScenario -->
</testsuite> <!-- runner.runner -->
